<?xml version="1.0" encoding="UTF-8"?>
<!-- Generated by org.testng.reporters.JUnitXMLReporter -->
<testsuite ignored="0" hostname="LAPTOP-JHTH1REC" failures="1" tests="1" name="Regression1" time="6.692" errors="0" timestamp="2024-07-14T17:18:00 IST">
  <testcase classname="com.automation.tests.LoginPageTest" name="testLoginPage" time="0.307">
    <failure type="java.lang.AssertionError" message="expected [false] but found [true]">
      <![CDATA[java.lang.AssertionError: expected [false] but found [true]
at com.automation.tests.LoginPageTest.testLoginPage(LoginPageTest.java:23)
at java.base/java.util.ArrayList.forEach(ArrayList.java:1596)
... Removed 29 stack frames]]>
    </failure>
  </testcase> <!-- testLoginPage -->
</testsuite> <!-- Regression1 -->
